{"numTotalTestSuites":283,"numPassedTestSuites":283,"numFailedTestSuites":0,"numPendingTestSuites":0,"numTotalTests":679,"numPassedTests":657,"numFailedTests":0,"numPendingTests":22,"numTodoTests":0,"snapshot":{"added":0,"failure":false,"filesAdded":0,"filesRemoved":0,"filesRemovedList":[],"filesUnmatched":0,"filesUpdated":0,"matched":0,"total":0,"unchecked":0,"uncheckedKeysByFile":[],"unmatched":0,"updated":0,"didUpdate":false},"startTime":1780804333441,"success":true,"testResults":[{"assertionResults":[{"ancestorTitles":["App"],"fullName":"App renders without crashing","status":"passed","title":"renders without crashing","duration":488.59499999999935,"failureMessages":[],"meta":{},"tags":[]}],"startTime":1780804499542,"endTime":1780804500030.595,"status":"passed","message":"","name":"D:/source/GitHub/PlagueHO/libris-maleficarum/libris-maleficarum-app/src/App.test.tsx"},{"assertionResults":[{"ancestorTitles":["useAccessCode"],"fullName":"useAccessCode should set isVerified to true immediately when access code is not required","status":"passed","title":"should set isVerified to true immediately when access code is not required","duration":130.61309999999958,"failureMessages":[],"meta":{},"tags":[]},{"ancestorTitles":["useAccessCode"],"fullName":"useAccessCode should check cached code when access code is required","status":"passed","title":"should check cached code when access code is required","duration":76.23940000000039,"failureMessages":[],"meta":{},"tags":[]},{"ancestorTitles":["useAccessCode"],"fullName":"useAccessCode should clear invalid cached code and show dialog","status":"passed","title":"should clear invalid cached code and show dialog","duration":80.46339999999964,"failureMessages":[],"meta":{},"tags":[]},{"ancestorTitles":["useAccessCode"],"fullName":"useAccessCode should verify and store code on successful submitCode","status":"passed","title":"should verify and store code on successful submitCode","duration":87.1233000000002,"failureMessages":[],"meta":{},"tags":[]},{"ancestorTitles":["useAccessCode"],"fullName":"useAccessCode should set error on invalid submitCode","status":"passed","title":"should set error on invalid submitCode","duration":69.18090000000029,"failureMessages":[],"meta":{},"tags":[]},{"ancestorTitles":["useAccessCode"],"fullName":"useAccessCode should set server error on non-401 submitCode failure","status":"passed","title":"should set server error on non-401 submitCode failure","duration":79.72370000000046,"failureMessages":[],"meta":{},"tags":[]},{"ancestorTitles":["useAccessCode"],"fullName":"useAccessCode should handle server unreachable during status check","status":"passed","title":"should handle server unreachable during status check","duration":84.8116,"failureMessages":[],"meta":{},"tags":[]}],"startTime":1780804489076,"endTime":1780804489684.8115,"status":"passed","message":"","name":"D:/source/GitHub/PlagueHO/libris-maleficarum/libris-maleficarum-app/src/hooks/useAccessCode.test.ts"},{"assertionResults":[{"ancestorTitles":["useSearchHistory"],"fullName":"useSearchHistory keeps recent search queries deduplicated and capped per world","status":"passed","title":"keeps recent search queries deduplicated and capped per world","duration":17.174299999999675,"failureMessages":[],"meta":{},"tags":[]},{"ancestorTitles":["useSearchHistory"],"fullName":"useSearchHistory tracks recent entities and pins up to five items per world","status":"passed","title":"tracks recent entities and pins up to five items per world","duration":2.165399999999863,"failureMessages":[],"meta":{},"tags":[]},{"ancestorTitles":["useSearchHistory"],"fullName":"useSearchHistory keeps storage isolated by world ID","status":"passed","title":"keeps storage isolated by world ID","duration":4.379100000000108,"failureMessages":[],"meta":{},"tags":[]}],"startTime":1780804501266,"endTime":1780804501290.3792,"status":"passed","message":"","name":"D:/source/GitHub/PlagueHO/libris-maleficarum/libris-maleficarum-app/src/hooks/useSearchHistory.test.ts"},{"assertionResults":[{"ancestorTitles":["useTheme"],"fullName":"useTheme defaults to system preference and resolves to light when OS is light","status":"passed","title":"defaults to system preference and resolves to light when OS is light","duration":14.045900000000074,"failureMessages":[],"meta":{},"tags":[]},{"ancestorTitles":["useTheme"],"fullName":"useTheme reads explicit theme from localStorage","status":"passed","title":"reads explicit theme from localStorage","duration":2.10550000000012,"failureMessages":[],"meta":{},"tags":[]},{"ancestorTitles":["useTheme"],"fullName":"useTheme resolves to dark when system preference is dark","status":"passed","title":"resolves to dark when system preference is dark","duration":1.5302999999998974,"failureMessages":[],"meta":{},"tags":[]},{"ancestorTitles":["useTheme"],"fullName":"useTheme applies .dark class for dark mode preference","status":"passed","title":"applies .dark class for dark mode preference","duration":1.380800000000363,"failureMessages":[],"meta":{},"tags":[]},{"ancestorTitles":["useTheme"],"fullName":"useTheme removes .dark class for light mode preference","status":"passed","title":"removes .dark class for light mode preference","duration":1.3780000000001564,"failureMessages":[],"meta":{},"tags":[]},{"ancestorTitles":["useTheme"],"fullName":"useTheme persists preference to localStorage on toggle","status":"passed","title":"persists preference to localStorage on toggle","duration":5.37710000000061,"failureMessages":[],"meta":{},"tags":[]},{"ancestorTitles":["useTheme"],"fullName":"useTheme toggles from dark to light","status":"passed","title":"toggles from dark to light","duration":5.143199999999524,"failureMessages":[],"meta":{},"tags":[]},{"ancestorTitles":["useTheme"],"fullName":"useTheme allows setting system/light/dark explicitly via setTheme","status":"passed","title":"allows setting system/light/dark explicitly via setTheme","duration":3.8388000000004467,"failureMessages":[],"meta":{},"tags":[]},{"ancestorTitles":["useTheme"],"fullName":"useTheme updates resolved theme when OS preference changes in system mode","status":"passed","title":"updates resolved theme when OS preference changes in system mode","duration":5.963299999999435,"failureMessages":[],"meta":{},"tags":[]},{"ancestorTitles":["useTheme"],"fullName":"useTheme ignores invalid localStorage values and defaults to system","status":"passed","title":"ignores invalid localStorage values and defaults to system","duration":2.274899999999434,"failureMessages":[],"meta":{},"tags":[]}],"startTime":1780804500523,"endTime":1780804500566.275,"status":"passed","message":"","name":"D:/source/GitHub/PlagueHO/libris-maleficarum/libris-maleficarum-app/src/hooks/useTheme.test.ts"},{"assertionResults":[{"ancestorTitles":["apiClient access code"],"fullName":"apiClient access code should return null by default","status":"passed","title":"should return null by default","duration":9.248700000000099,"failureMessages":[],"meta":{},"tags":[]},{"ancestorTitles":["apiClient access code"],"fullName":"apiClient access code should set and get access code","status":"passed","title":"should set and get access code","duration":0.38029999999980646,"failureMessages":[],"meta":{},"tags":[]},{"ancestorTitles":["apiClient access code"],"fullName":"apiClient access code should clear access code when set to null","status":"passed","title":"should clear access code when set to null","duration":0.19899999999961437,"failureMessages":[],"meta":{},"tags":[]}],"startTime":1780804505964,"endTime":1780804505974.3804,"status":"passed","message":"","name":"D:/source/GitHub/PlagueHO/libris-maleficarum/libris-maleficarum-app/src/lib/apiClient.accessCode.test.ts"},{"assertionResults":[{"ancestorTitles":["sessionCache","get()"],"fullName":"sessionCache get() should return cached data on cache hit","status":"passed","title":"should return cached data on cache hit","duration":2.0572000000001935,"failureMessages":[],"meta":{},"tags":[]},{"ancestorTitles":["sessionCache","get()"],"fullName":"sessionCache get() should return default value on cache miss","status":"passed","title":"should return default value on cache miss","duration":0.33910000000014406,"failureMessages":[],"meta":{},"tags":[]},{"ancestorTitles":["sessionCache","get()"],"fullName":"sessionCache get() should return default value when cache is expired","status":"passed","title":"should return default value when cache is expired","duration":153.1908000000003,"failureMessages":[],"meta":{},"tags":[]},{"ancestorTitles":["sessionCache","get()"],"fullName":"sessionCache get() should handle corrupted cache data gracefully","status":"passed","title":"should handle corrupted cache data gracefully","duration":6.094500000000153,"failureMessages":[],"meta":{},"tags":[]},{"ancestorTitles":["sessionCache","set()"],"fullName":"sessionCache set() should store data in sessionStorage","status":"passed","title":"should store data in sessionStorage","duration":1.496900000000096,"failureMessages":[],"meta":{},"tags":[]},{"ancestorTitles":["sessionCache","set()"],"fullName":"sessionCache set() should use default TTL of 5 minutes","status":"passed","title":"should use default TTL of 5 minutes","duration":0.9731000000001586,"failureMessages":[],"meta":{},"tags":[]},{"ancestorTitles":["sessionCache","set()"],"fullName":"sessionCache set() should accept custom TTL","status":"passed","title":"should accept custom TTL","duration":0.39829999999983556,"failureMessages":[],"meta":{},"tags":[]},{"ancestorTitles":["sessionCache","set()"],"fullName":"sessionCache set() should include timestamp when storing","status":"passed","title":"should include timestamp when storing","duration":0.5657999999998538,"failureMessages":[],"meta":{},"tags":[]},{"ancestorTitles":["sessionCache","set()"],"fullName":"sessionCache set() should handle complex nested data structures","status":"passed","title":"should handle complex nested data structures","duration":0.9632999999998901,"failureMessages":[],"meta":{},"tags":[]},{"ancestorTitles":["sessionCache","invalidate()"],"fullName":"sessionCache invalidate() should remove cache entry","status":"passed","title":"should remove cache entry","duration":0.6984999999999673,"failureMessages":[],"meta":{},"tags":[]},{"ancestorTitles":["sessionCache","invalidate()"],"fullName":"sessionCache invalidate() should handle invalidating non-existent keys gracefully","status":"passed","title":"should handle invalidating non-existent keys gracefully","duration":1.3636999999998807,"failureMessages":[],"meta":{},"tags":[]},{"ancestorTitles":["sessionCache","invalidatePattern()"],"fullName":"sessionCache invalidatePattern() should remove all cache entries matching pattern","status":"passed","title":"should remove all cache entries matching pattern","duration":1.102600000000166,"failureMessages":[],"meta":{},"tags":[]},{"ancestorTitles":["sessionCache","invalidatePattern()"],"fullName":"sessionCache invalidatePattern() should not match partial patterns","status":"passed","title":"should not match partial patterns","duration":0.4869000000003325,"failureMessages":[],"meta":{},"tags":[]},{"ancestorTitles":["sessionCache","invalidatePattern()"],"fullName":"sessionCache invalidatePattern() should handle empty patterns gracefully","status":"passed","title":"should handle empty patterns gracefully","duration":0.7177000000001499,"failureMessages":[],"meta":{},"tags":[]},{"ancestorTitles":["sessionCache","clearAll()"],"fullName":"sessionCache clearAll() should clear all sessionStorage entries","status":"passed","title":"should clear all sessionStorage entries","duration":0.4418000000000575,"failureMessages":[],"meta":{},"tags":[]},{"ancestorTitles":["sessionCache","clearAll()"],"fullName":"sessionCache clearAll() should work when sessionStorage is already empty","status":"passed","title":"should work when sessionStorage is already empty","duration":0.3827000000001135,"failureMessages":[],"meta":{},"tags":[]},{"ancestorTitles":["sessionCache","Cache Hit Rates"],"fullName":"sessionCache Cache Hit Rates should achieve high cache hit rate for repeated accesses","status":"passed","title":"should achieve high cache hit rate for repeated accesses","duration":1.2139999999999418,"failureMessages":[],"meta":{},"tags":[]},{"ancestorTitles":["sessionCache","Performance Characteristics"],"fullName":"sessionCache Performance Characteristics should retrieve cached data in <50ms","status":"passed","title":"should retrieve cached data in <50ms","duration":0.3704000000002452,"failureMessages":[],"meta":{},"tags":[]},{"ancestorTitles":["sessionCache","Performance Characteristics"],"fullName":"sessionCache Performance Characteristics should store large data structures efficiently","status":"passed","title":"should store large data structures efficiently","duration":13.622499999999945,"failureMessages":[],"meta":{},"tags":[]}],"startTime":1780804496170,"endTime":1780804496358.6226,"status":"passed","message":"","name":"D:/source/GitHub/PlagueHO/libris-maleficarum/libris-maleficarum-app/src/lib/sessionCache.test.ts"},{"assertionResults":[{"ancestorTitles":["Anonymous Single-User Mode"],"fullName":"Anonymous Single-User Mode shows user menu trigger in header","status":"passed","title":"shows user menu trigger in header","duration":3003.4011000000028,"failureMessages":[],"meta":{},"tags":[]},{"ancestorTitles":["Anonymous Single-User Mode"],"fullName":"Anonymous Single-User Mode shows \"Anonymous\" when user menu is opened","status":"passed","title":"shows \"Anonymous\" when user menu is opened","duration":7935.9542,"failureMessages":[],"meta":{},"tags":[]},{"ancestorTitles":["Anonymous Single-User Mode"],"fullName":"Anonymous Single-User Mode shows settings menu item in user menu","status":"passed","title":"shows settings menu item in user menu","duration":9190.377300000004,"failureMessages":[],"meta":{},"tags":[]},{"ancestorTitles":["Anonymous Single-User Mode"],"fullName":"Anonymous Single-User Mode opens settings panel when Settings menu item is clicked","status":"passed","title":"opens settings panel when Settings menu item is clicked","duration":6662.976899999994,"failureMessages":[],"meta":{},"tags":[]},{"ancestorTitles":["Anonymous Single-User Mode"],"fullName":"Anonymous Single-User Mode has no accessibility violations in anonymous mode","status":"passed","title":"has no accessibility violations in anonymous mode","duration":4935.4764,"failureMessages":[],"meta":{},"tags":[]}],"startTime":1780804362377,"endTime":1780804394112.4763,"status":"passed","message":"","name":"D:/source/GitHub/PlagueHO/libris-maleficarum/libris-maleficarum-app/src/__tests__/anonymous-mode.test.tsx"},{"assertionResults":[{"ancestorTitles":["AuthGuard"],"fullName":"AuthGuard renders children in anonymous mode (auth not configured)","status":"passed","title":"renders children in anonymous mode (auth not configured)","duration":27.805100000000493,"failureMessages":[],"meta":{},"tags":[]},{"ancestorTitles":["AuthGuard"],"fullName":"AuthGuard has no accessibility violations in anonymous mode","status":"passed","title":"has no accessibility violations in anonymous mode","duration":216.05259999999998,"failureMessages":[],"meta":{},"tags":[]}],"startTime":1780804496646,"endTime":1780804496890.0525,"status":"passed","message":"","name":"D:/source/GitHub/PlagueHO/libris-maleficarum/libris-maleficarum-app/src/components/AuthGuard/AuthGuard.test.tsx"},{"assertionResults":[{"ancestorTitles":["SettingsPage"],"fullName":"SettingsPage renders heading and key settings sections","status":"passed","title":"renders heading and key settings sections","duration":323.751400000001,"failureMessages":[],"meta":{},"tags":[]},{"ancestorTitles":["SettingsPage"],"fullName":"SettingsPage renders theme options light dark and system","status":"passed","title":"renders theme options light dark and system","duration":348.77909999999974,"failureMessages":[],"meta":{},"tags":[]},{"ancestorTitles":["SettingsPage"],"fullName":"SettingsPage calls onClose when back button is clicked","status":"passed","title":"calls onClose when back button is clicked","duration":152.26140000000305,"failureMessages":[],"meta":{},"tags":[]},{"ancestorTitles":["SettingsPage"],"fullName":"SettingsPage shows disconnected state when backend check fails","status":"passed","title":"shows disconnected state when backend check fails","duration":114.01910000000498,"failureMessages":[],"meta":{},"tags":[]},{"ancestorTitles":["SettingsPage"],"fullName":"SettingsPage refreshes backend status when refresh is clicked","status":"passed","title":"refreshes backend status when refresh is clicked","duration":185.33660000000236,"failureMessages":[],"meta":{},"tags":[]},{"ancestorTitles":["SettingsPage"],"fullName":"SettingsPage has no accessibility violations","status":"passed","title":"has no accessibility violations","duration":206.44640000000072,"failureMessages":[],"meta":{},"tags":[]}],"startTime":1780804477229,"endTime":1780804478560.4463,"status":"passed","message":"","name":"D:/source/GitHub/PlagueHO/libris-maleficarum/libris-maleficarum-app/src/components/SettingsPage/SettingsPage.test.tsx"},{"assertionResults":[{"ancestorTitles":["UnsavedChangesDialog","Rendering (T012)"],"fullName":"UnsavedChangesDialog Rendering (T012) should render dialog when open=true","status":"passed","title":"should render dialog when open=true","duration":3804.4896999999983,"failureMessages":[],"meta":{},"tags":[]},{"ancestorTitles":["UnsavedChangesDialog","Rendering (T012)"],"fullName":"UnsavedChangesDialog Rendering (T012) should not render dialog when open=false","status":"passed","title":"should not render dialog when open=false","duration":48.02880000000005,"failureMessages":[],"meta":{},"tags":[]},{"ancestorTitles":["UnsavedChangesDialog","Rendering (T012)"],"fullName":"UnsavedChangesDialog Rendering (T012) should display correct title and description","status":"passed","title":"should display correct title and description","duration":743.7422999999981,"failureMessages":[],"meta":{},"tags":[]},{"ancestorTitles":["UnsavedChangesDialog","Rendering (T012)"],"fullName":"UnsavedChangesDialog Rendering (T012) should render three action buttons: Cancel, Don't Save, Save","status":"passed","title":"should render three action buttons: Cancel, Don't Save, Save","duration":1100.4256999999998,"failureMessages":[],"meta":{},"tags":[]},{"ancestorTitles":["UnsavedChangesDialog","Rendering (T012)"],"fullName":"UnsavedChangesDialog Rendering (T012) should show loading state in Save button when isSaving=true","status":"passed","title":"should show loading state in Save button when isSaving=true","duration":739.0440999999992,"failureMessages":[],"meta":{},"tags":[]},{"ancestorTitles":["UnsavedChangesDialog","Rendering (T012)"],"fullName":"UnsavedChangesDialog Rendering (T012) should disable all buttons when isSaving=true","status":"passed","title":"should disable all buttons when isSaving=true","duration":552.309500000003,"failureMessages":[],"meta":{},"tags":[]},{"ancestorTitles":["UnsavedChangesDialog","Interaction (T012)"],"fullName":"UnsavedChangesDialog Interaction (T012) should call onSave when Save button clicked","status":"passed","title":"should call onSave when Save button clicked","duration":663.2139999999999,"failureMessages":[],"meta":{},"tags":[]},{"ancestorTitles":["UnsavedChangesDialog","Interaction (T012)"],"fullName":"UnsavedChangesDialog Interaction (T012) should call onDiscard when Don't Save button clicked","status":"passed","title":"should call onDiscard when Don't Save button clicked","duration":809.9576000000015,"failureMessages":[],"meta":{},"tags":[]},{"ancestorTitles":["UnsavedChangesDialog","Interaction (T012)"],"fullName":"UnsavedChangesDialog Interaction (T012) should call onCancel when Cancel button clicked","status":"passed","title":"should call onCancel when Cancel button clicked","duration":869.7435000000041,"failureMessages":[],"meta":{},"tags":[]},{"ancestorTitles":["UnsavedChangesDialog","Interaction (T012)"],"fullName":"UnsavedChangesDialog Interaction (T012) should call onCancel when Escape key pressed","status":"passed","title":"should call onCancel when Escape key pressed","duration":454.56239999999525,"failureMessages":[],"meta":{},"tags":[]},{"ancestorTitles":["UnsavedChangesDialog","Async Save Behavior (T012)"],"fullName":"UnsavedChangesDialog Async Save Behavior (T012) should handle successful save (Promise resolves)","status":"passed","title":"should handle successful save (Promise resolves)","duration":481.6129000000001,"failureMessages":[],"meta":{},"tags":[]},{"ancestorTitles":["UnsavedChangesDialog","Async Save Behavior (T012)"],"fullName":"UnsavedChangesDialog Async Save Behavior (T012) should handle failed save (Promise rejects)","status":"passed","title":"should handle failed save (Promise rejects)","duration":463.85839999999735,"failureMessages":[],"meta":{},"tags":[]},{"ancestorTitles":["UnsavedChangesDialog","Async Save Behavior (T012)"],"fullName":"UnsavedChangesDialog Async Save Behavior (T012) should not call onDiscard or onCancel during async save","status":"passed","title":"should not call onDiscard or onCancel during async save","duration":118.52479999999923,"failureMessages":[],"meta":{},"tags":[]},{"ancestorTitles":["UnsavedChangesDialog","Accessibility (T012)"],"fullName":"UnsavedChangesDialog Accessibility (T012) should have no accessibility violations","status":"passed","title":"should have no accessibility violations","duration":343.91799999999785,"failureMessages":[],"meta":{},"tags":[]},{"ancestorTitles":["UnsavedChangesDialog","Accessibility (T012)"],"fullName":"UnsavedChangesDialog Accessibility (T012) should have role=dialog","status":"passed","title":"should have role=dialog","duration":286.7396000000008,"failureMessages":[],"meta":{},"tags":[]},{"ancestorTitles":["UnsavedChangesDialog","Accessibility (T012)"],"fullName":"UnsavedChangesDialog Accessibility (T012) should have aria-modal=true","status":"passed","title":"should have aria-modal=true","duration":69.24889999999868,"failureMessages":[],"meta":{},"tags":[]},{"ancestorTitles":["UnsavedChangesDialog","Accessibility (T012)"],"fullName":"UnsavedChangesDialog Accessibility (T012) should have aria-labelledby pointing to title","status":"passed","title":"should have aria-labelledby pointing to title","duration":779.350400000003,"failureMessages":[],"meta":{},"tags":[]},{"ancestorTitles":["UnsavedChangesDialog","Accessibility (T012)"],"fullName":"UnsavedChangesDialog Accessibility (T012) should have aria-describedby pointing to description","status":"passed","title":"should have aria-describedby pointing to description","duration":367.0248999999967,"failureMessages":[],"meta":{},"tags":[]},{"ancestorTitles":["UnsavedChangesDialog","Accessibility (T012)"],"fullName":"UnsavedChangesDialog Accessibility (T012) should make all buttons keyboard-accessible","status":"passed","title":"should make all buttons keyboard-accessible","duration":529.3352000000014,"failureMessages":[],"meta":{},"tags":[]},{"ancestorTitles":["UnsavedChangesDialog","Accessibility (T012)"],"fullName":"UnsavedChangesDialog Accessibility (T012) should set focus to Save button on open (primary action)","status":"passed","title":"should set focus to Save button on open (primary action)","duration":450.4235000000044,"failureMessages":[],"meta":{},"tags":[]},{"ancestorTitles":["UnsavedChangesDialog","Edge Cases (T012)"],"fullName":"UnsavedChangesDialog Edge Cases (T012) should prevent multiple Save button clicks during async save","status":"passed","title":"should prevent multiple Save button clicks during async save","duration":844.0480000000025,"failureMessages":[],"meta":{},"tags":[]}],"startTime":1780804381363,"endTime":1780804395884.048,"status":"passed","message":"","name":"D:/source/GitHub/PlagueHO/libris-maleficarum/libris-maleficarum-app/src/components/shared/UnsavedChangesDialog.test.tsx"},{"assertionResults":[{"ancestorTitles":["UserMenu"],"fullName":"UserMenu renders the user menu trigger button","status":"passed","title":"renders the user menu trigger button","duration":4105.5148000000045,"failureMessages":[],"meta":{},"tags":[]},{"ancestorTitles":["UserMenu"],"fullName":"UserMenu shows anonymous mode display by default","status":"passed","title":"shows anonymous mode display by default","duration":3278.2915000000066,"failureMessages":[],"meta":{},"tags":[]},{"ancestorTitles":["UserMenu"],"fullName":"UserMenu shows settings menu item when opened","status":"passed","title":"shows settings menu item when opened","duration":1157.5899999999965,"failureMessages":[],"meta":{},"tags":[]},{"ancestorTitles":["UserMenu"],"fullName":"UserMenu closes menu on escape key","status":"passed","title":"closes menu on escape key","duration":4734.573300000004,"failureMessages":[],"meta":{},"tags":[]},{"ancestorTitles":["UserMenu"],"fullName":"UserMenu has no accessibility violations","status":"passed","title":"has no accessibility violations","duration":1428.1793000000034,"failureMessages":[],"meta":{},"tags":[]},{"ancestorTitles":["UserMenu"],"fullName":"UserMenu has no accessibility violations when menu is open","status":"passed","title":"has no accessibility violations when menu is open","duration":2329.3561000000045,"failureMessages":[],"meta":{},"tags":[]}],"startTime":1780804458757,"endTime":1780804475807.3562,"status":"passed","message":"","name":"D:/source/GitHub/PlagueHO/libris-maleficarum/libris-maleficarum-app/src/components/UserMenu/UserMenu.test.tsx"},{"assertionResults":[{"ancestorTitles":["EmptyState","Rendering"],"fullName":"EmptyState Rendering should render heading and description","status":"passed","title":"should render heading and description","duration":237.07310000000052,"failureMessages":[],"meta":{},"tags":[]},{"ancestorTitles":["EmptyState","Rendering"],"fullName":"EmptyState Rendering should render create realm button","status":"passed","title":"should render create realm button","duration":46.58050000000003,"failureMessages":[],"meta":{},"tags":[]},{"ancestorTitles":["EmptyState","Rendering"],"fullName":"EmptyState Rendering should display decorative icon or illustration","status":"passed","title":"should display decorative icon or illustration","duration":9.419399999999769,"failureMessages":[],"meta":{},"tags":[]},{"ancestorTitles":["EmptyState","Interactions"],"fullName":"EmptyState Interactions should call onCreateWorld when button is clicked","status":"passed","title":"should call onCreateWorld when button is clicked","duration":62.55619999999999,"failureMessages":[],"meta":{},"tags":[]},{"ancestorTitles":["EmptyState","Interactions"],"fullName":"EmptyState Interactions should support keyboard activation (Enter key)","status":"passed","title":"should support keyboard activation (Enter key)","duration":45.15149999999994,"failureMessages":[],"meta":{},"tags":[]},{"ancestorTitles":["EmptyState","Interactions"],"fullName":"EmptyState Interactions should support keyboard activation (Space key)","status":"passed","title":"should support keyboard activation (Space key)","duration":37.66700000000037,"failureMessages":[],"meta":{},"tags":[]},{"ancestorTitles":["EmptyState","Accessibility"],"fullName":"EmptyState Accessibility should have no accessibility violations","status":"passed","title":"should have no accessibility violations","duration":50.54710000000068,"failureMessages":[],"meta":{},"tags":[]},{"ancestorTitles":["EmptyState","Accessibility"],"fullName":"EmptyState Accessibility should have visible focus indicator on button","status":"passed","title":"should have visible focus indicator on button","duration":34.18089999999938,"failureMessages":[],"meta":{},"tags":[]},{"ancestorTitles":["EmptyState","Accessibility"],"fullName":"EmptyState Accessibility should have appropriate heading level (h2 or h3)","status":"passed","title":"should have appropriate heading level (h2 or h3)","duration":10.856299999999464,"failureMessages":[],"meta":{},"tags":[]},{"ancestorTitles":["EmptyState","Content"],"fullName":"EmptyState Content should provide clear call-to-action messaging","status":"passed","title":"should provide clear call-to-action messaging","duration":8.949499999999716,"failureMessages":[],"meta":{},"tags":[]},{"ancestorTitles":["EmptyState","Content"],"fullName":"EmptyState Content should explain what happens when user creates a world","status":"passed","title":"should explain what happens when user creates a world","duration":5.17240000000038,"failureMessages":[],"meta":{},"tags":[]}],"startTime":1780804490740,"endTime":1780804491289.1724,"status":"passed","message":"","name":"D:/source/GitHub/PlagueHO/libris-maleficarum/libris-maleficarum-app/src/components/WorldSidebar/EmptyState.test.tsx"},{"assertionResults":[{"ancestorTitles":["EntityContextMenu"],"fullName":"EntityContextMenu renders children correctly","status":"passed","title":"renders children correctly","duration":36.274899999996705,"failureMessages":[],"meta":{},"tags":[]},{"ancestorTitles":["EntityContextMenu"],"fullName":"EntityContextMenu opens context menu on right click","status":"passed","title":"opens context menu on right click","duration":511.55919999999605,"failureMessages":[],"meta":{},"tags":[]},{"ancestorTitles":["EntityContextMenu"],"fullName":"EntityContextMenu dispatches openEntityFormCreate when \"Add Child Entity\" is clicked","status":"passed","title":"dispatches openEntityFormCreate when \"Add Child Entity\" is clicked","duration":128.8905999999988,"failureMessages":[],"meta":{},"tags":[]},{"ancestorTitles":["EntityContextMenu"],"fullName":"EntityContextMenu dispatches openEntityFormEdit when \"Edit Entity\" is clicked","status":"passed","title":"dispatches openEntityFormEdit when \"Edit Entity\" is clicked","duration":82.74759999999515,"failureMessages":[],"meta":{},"tags":[]}],"startTime":1780804481071,"endTime":1780804481830.7476,"status":"passed","message":"","name":"D:/source/GitHub/PlagueHO/libris-maleficarum/libris-maleficarum-app/src/components/WorldSidebar/EntityContextMenu.test.tsx"},{"assertionResults":[{"ancestorTitles":["EntityTree","Rendering"],"fullName":"EntityTree Rendering should render tree with role=\"tree\"","status":"passed","title":"should render tree with role=\"tree\"","duration":437.5024000000003,"failureMessages":[],"meta":{},"tags":[]},{"ancestorTitles":["EntityTree","Rendering"],"fullName":"EntityTree Rendering should show loading state while fetching root entities","status":"passed","title":"should show loading state while fetching root entities","duration":27.46820000000025,"failureMessages":[],"meta":{},"tags":[]},{"ancestorTitles":["EntityTree","Rendering"],"fullName":"EntityTree Rendering should show empty state when no entities exist","status":"passed","title":"should show empty state when no entities exist","duration":56.23199999999997,"failureMessages":[],"meta":{},"tags":[]},{"ancestorTitles":["EntityTree","Rendering"],"fullName":"EntityTree Rendering should render root level entities when loaded","status":"passed","title":"should render root level entities when loaded","duration":49.60400000000027,"failureMessages":[],"meta":{},"tags":[]},{"ancestorTitles":["EntityTree","Lazy Loading (T049)"],"fullName":"EntityTree Lazy Loading (T049) should not load children until node is expanded","status":"passed","title":"should not load children until node is expanded","duration":167.05429999999978,"failureMessages":[],"meta":{},"tags":[]},{"ancestorTitles":["EntityTree","Lazy Loading (T049)"],"fullName":"EntityTree Lazy Loading (T049) should show loading spinner while fetching children","status":"passed","title":"should show loading spinner while fetching children","duration":149.39310000000023,"failureMessages":[],"meta":{},"tags":[]},{"ancestorTitles":["EntityTree","Lazy Loading (T049)"],"fullName":"EntityTree Lazy Loading (T049) should handle empty children gracefully","status":"skipped","title":"should handle empty children gracefully","failureMessages":[],"meta":{},"tags":[]},{"ancestorTitles":["EntityTree","Caching (T049)"],"fullName":"EntityTree Caching (T049) should use sessionStorage cache for previously loaded children","status":"passed","title":"should use sessionStorage cache for previously loaded children","duration":145.96140000000014,"failureMessages":[],"meta":{},"tags":[]},{"ancestorTitles":["EntityTree","Caching (T049)"],"fullName":"EntityTree Caching (T049) should fetch from API if cache is expired","status":"passed","title":"should fetch from API if cache is expired","duration":28.612700000000586,"failureMessages":[],"meta":{},"tags":[]},{"ancestorTitles":["EntityTree","Keyboard Navigation (T058)"],"fullName":"EntityTree Keyboard Navigation (T058) should navigate down to next sibling with ArrowDown","status":"passed","title":"should navigate down to next sibling with ArrowDown","duration":92.89829999999984,"failureMessages":[],"meta":{},"tags":[]},{"ancestorTitles":["EntityTree","Keyboard Navigation (T058)"],"fullName":"EntityTree Keyboard Navigation (T058) should navigate up to previous sibling with ArrowUp","status":"passed","title":"should navigate up to previous sibling with ArrowUp","duration":54.92749999999978,"failureMessages":[],"meta":{},"tags":[]},{"ancestorTitles":["EntityTree","Keyboard Navigation (T058)"],"fullName":"EntityTree Keyboard Navigation (T058) should expand node with ArrowRight if collapsed","status":"skipped","title":"should expand node with ArrowRight if collapsed","failureMessages":[],"meta":{},"tags":[]},{"ancestorTitles":["EntityTree","Keyboard Navigation (T058)"],"fullName":"EntityTree Keyboard Navigation (T058) should collapse node with ArrowLeft if expanded","status":"skipped","title":"should collapse node with ArrowLeft if expanded","failureMessages":[],"meta":{},"tags":[]},{"ancestorTitles":["EntityTree","Keyboard Navigation (T058)"],"fullName":"EntityTree Keyboard Navigation (T058) should select entity with Enter key","status":"passed","title":"should select entity with Enter key","duration":112.14360000000033,"failureMessages":[],"meta":{},"tags":[]},{"ancestorTitles":["EntityTree","Accessibility (T043, T059)"],"fullName":"EntityTree Accessibility (T043, T059) should have no accessibility violations","status":"passed","title":"should have no accessibility violations","duration":136.9421000000002,"failureMessages":[],"meta":{},"tags":[]},{"ancestorTitles":["EntityTree","Accessibility (T043, T059)"],"fullName":"EntityTree Accessibility (T043, T059) should have role=\"tree\" on container","status":"passed","title":"should have role=\"tree\" on container","duration":112.69350000000031,"failureMessages":[],"meta":{},"tags":[]},{"ancestorTitles":["EntityTree","Accessibility (T043, T059)"],"fullName":"EntityTree Accessibility (T043, T059) should have aria-label on tree","status":"passed","title":"should have aria-label on tree","duration":66.92509999999947,"failureMessages":[],"meta":{},"tags":[]},{"ancestorTitles":["EntityTree","Accessibility (T043, T059)"],"fullName":"EntityTree Accessibility (T043, T059) should maintain keyboard focus management","status":"passed","title":"should maintain keyboard focus management","duration":58.53269999999975,"failureMessages":[],"meta":{},"tags":[]},{"ancestorTitles":["EntityTree","Accessibility (T043, T059)"],"fullName":"EntityTree Accessibility (T043, T059) should announce dynamic changes to screen readers","status":"passed","title":"should announce dynamic changes to screen readers","duration":113.48179999999957,"failureMessages":[],"meta":{},"tags":[]},{"ancestorTitles":["EntityTree","Error Handling"],"fullName":"EntityTree Error Handling should show error message if fetch fails","status":"passed","title":"should show error message if fetch fails","duration":1625.3505999999998,"failureMessages":[],"meta":{},"tags":[]},{"ancestorTitles":["EntityTree","Error Handling"],"fullName":"EntityTree Error Handling should handle network errors gracefully","status":"passed","title":"should handle network errors gracefully","duration":1650.2165999999997,"failureMessages":[],"meta":{},"tags":[]},{"ancestorTitles":["EntityTree","World Switching (T054)"],"fullName":"EntityTree World Switching (T054) should clear tree when switching worlds","status":"passed","title":"should clear tree when switching worlds","duration":59.850100000001476,"failureMessages":[],"meta":{},"tags":[]},{"ancestorTitles":["EntityTree","World Switching (T054)"],"fullName":"EntityTree World Switching (T054) should load new world entities after switch","status":"passed","title":"should load new world entities after switch","duration":75.64680000000044,"failureMessages":[],"meta":{},"tags":[]},{"ancestorTitles":["EntityTree","T062: Deep Nesting Support - GeographicRegion → GeographicRegion → GeographicRegion"],"fullName":"EntityTree T062: Deep Nesting Support - GeographicRegion → GeographicRegion → GeographicRegion should render and handle deeply nested entities (5+ levels)","status":"passed","title":"should render and handle deeply nested entities (5+ levels)","duration":433.1978999999992,"failureMessages":[],"meta":{},"tags":[]}],"startTime":1780804338807,"endTime":1780804344464.198,"status":"passed","message":"","name":"D:/source/GitHub/PlagueHO/libris-maleficarum/libris-maleficarum-app/src/components/WorldSidebar/EntityTree.test.tsx"},{"assertionResults":[{"ancestorTitles":["EntityTreeNode","Rendering"],"fullName":"EntityTreeNode Rendering should render entity name","status":"passed","title":"should render entity name","duration":1199.2060000000056,"failureMessages":[],"meta":{},"tags":[]},{"ancestorTitles":["EntityTreeNode","Rendering"],"fullName":"EntityTreeNode Rendering should render entity icon based on type","status":"passed","title":"should render entity icon based on type","duration":248.91249999999854,"failureMessages":[],"meta":{},"tags":[]},{"ancestorTitles":["EntityTreeNode","Rendering"],"fullName":"EntityTreeNode Rendering should render Container type icon for Locations entity (T034)","status":"passed","title":"should render Container type icon for Locations entity (T034)","duration":55.494699999995646,"failureMessages":[],"meta":{},"tags":[]},{"ancestorTitles":["EntityTreeNode","Rendering"],"fullName":"EntityTreeNode Rendering should render different icons for Container vs Standard entities (T034)","status":"passed","title":"should render different icons for Container vs Standard entities (T034)","duration":214.3501000000033,"failureMessages":[],"meta":{},"tags":[]},{"ancestorTitles":["EntityTreeNode","Rendering"],"fullName":"EntityTreeNode Rendering should render all new Container type icons (T034)","status":"passed","title":"should render all new Container type icons (T034)","duration":2150.2116000000024,"failureMessages":[],"meta":{},"tags":[]},{"ancestorTitles":["EntityTreeNode","Rendering"],"fullName":"EntityTreeNode Rendering should render all new Regional type icons (T034)","status":"passed","title":"should render all new Regional type icons (T034)","duration":382.4799999999959,"failureMessages":[],"meta":{},"tags":[]},{"ancestorTitles":["EntityTreeNode","Rendering"],"fullName":"EntityTreeNode Rendering should render expand/collapse chevron for entities with children","status":"passed","title":"should render expand/collapse chevron for entities with children","duration":2400.411699999997,"failureMessages":[],"meta":{},"tags":[]},{"ancestorTitles":["EntityTreeNode","Rendering"],"fullName":"EntityTreeNode Rendering should not render chevron for leaf nodes (no children)","status":"passed","title":"should not render chevron for leaf nodes (no children)","duration":1259.7511999999988,"failureMessages":[],"meta":{},"tags":[]},{"ancestorTitles":["EntityTreeNode","Rendering"],"fullName":"EntityTreeNode Rendering should apply correct indentation based on depth level","status":"passed","title":"should apply correct indentation based on depth level","duration":226.04230000000098,"failureMessages":[],"meta":{},"tags":[]},{"ancestorTitles":["EntityTreeNode","Expand/Collapse Behavior"],"fullName":"EntityTreeNode Expand/Collapse Behavior should toggle expanded state when chevron clicked","status":"passed","title":"should toggle expanded state when chevron clicked","duration":1570.1807000000044,"failureMessages":[],"meta":{},"tags":[]},{"ancestorTitles":["EntityTreeNode","Expand/Collapse Behavior"],"fullName":"EntityTreeNode Expand/Collapse Behavior should dispatch Redux action when expanding node","status":"passed","title":"should dispatch Redux action when expanding node","duration":542.9154000000053,"failureMessages":[],"meta":{},"tags":[]},{"ancestorTitles":["EntityTreeNode","Expand/Collapse Behavior"],"fullName":"EntityTreeNode Expand/Collapse Behavior should show right chevron when collapsed","status":"passed","title":"should show right chevron when collapsed","duration":218.61209999999846,"failureMessages":[],"meta":{},"tags":[]},{"ancestorTitles":["EntityTreeNode","Expand/Collapse Behavior"],"fullName":"EntityTreeNode Expand/Collapse Behavior should show down chevron when expanded","status":"passed","title":"should show down chevron when expanded","duration":1993.5400000000009,"failureMessages":[],"meta":{},"tags":[]},{"ancestorTitles":["EntityTreeNode","Selection Behavior"],"fullName":"EntityTreeNode Selection Behavior should highlight when entity is selected","status":"passed","title":"should highlight when entity is selected","duration":834.4625999999989,"failureMessages":[],"meta":{},"tags":[]},{"ancestorTitles":["EntityTreeNode","Selection Behavior"],"fullName":"EntityTreeNode Selection Behavior should dispatch action when entity clicked","status":"passed","title":"should dispatch action when entity clicked","duration":718.8706999999995,"failureMessages":[],"meta":{},"tags":[]},{"ancestorTitles":["EntityTreeNode","Keyboard Navigation"],"fullName":"EntityTreeNode Keyboard Navigation should expand node when Enter key pressed on chevron","status":"passed","title":"should expand node when Enter key pressed on chevron","duration":833.6781000000046,"failureMessages":[],"meta":{},"tags":[]},{"ancestorTitles":["EntityTreeNode","Keyboard Navigation"],"fullName":"EntityTreeNode Keyboard Navigation should expand node when Space key pressed on chevron","status":"passed","title":"should expand node when Space key pressed on chevron","duration":802.6589000000022,"failureMessages":[],"meta":{},"tags":[]},{"ancestorTitles":["EntityTreeNode","Keyboard Navigation"],"fullName":"EntityTreeNode Keyboard Navigation should be keyboard focusable","status":"passed","title":"should be keyboard focusable","duration":60.93660000000091,"failureMessages":[],"meta":{},"tags":[]},{"ancestorTitles":["EntityTreeNode","Accessibility (T043)"],"fullName":"EntityTreeNode Accessibility (T043) should have no accessibility violations","status":"passed","title":"should have no accessibility violations","duration":1872.5314999999973,"failureMessages":[],"meta":{},"tags":[]},{"ancestorTitles":["EntityTreeNode","Accessibility (T043)"],"fullName":"EntityTreeNode Accessibility (T043) should have role=\"treeitem\"","status":"passed","title":"should have role=\"treeitem\"","duration":273.7905000000028,"failureMessages":[],"meta":{},"tags":[]},{"ancestorTitles":["EntityTreeNode","Accessibility (T043)"],"fullName":"EntityTreeNode Accessibility (T043) should have aria-expanded attribute for expandable nodes","status":"passed","title":"should have aria-expanded attribute for expandable nodes","duration":366.95329999999376,"failureMessages":[],"meta":{},"tags":[]},{"ancestorTitles":["EntityTreeNode","Accessibility (T043)"],"fullName":"EntityTreeNode Accessibility (T043) should have aria-selected attribute","status":"passed","title":"should have aria-selected attribute","duration":43.23969999999099,"failureMessages":[],"meta":{},"tags":[]},{"ancestorTitles":["EntityTreeNode","Accessibility (T043)"],"fullName":"EntityTreeNode Accessibility (T043) should have aria-level attribute indicating depth","status":"passed","title":"should have aria-level attribute indicating depth","duration":512.7274999999936,"failureMessages":[],"meta":{},"tags":[]},{"ancestorTitles":["EntityTreeNode","Accessibility (T043)"],"fullName":"EntityTreeNode Accessibility (T043) should have proper label for screen readers","status":"passed","title":"should have proper label for screen readers","duration":665.0564000000013,"failureMessages":[],"meta":{},"tags":[]},{"ancestorTitles":["EntityTreeNode","Visual States"],"fullName":"EntityTreeNode Visual States should show hover state when mouse over","status":"passed","title":"should show hover state when mouse over","duration":428.4979000000021,"failureMessages":[],"meta":{},"tags":[]},{"ancestorTitles":["EntityTreeNode","Visual States"],"fullName":"EntityTreeNode Visual States should show focus indicator when focused","status":"passed","title":"should show focus indicator when focused","duration":413.821100000001,"failureMessages":[],"meta":{},"tags":[]},{"ancestorTitles":["EntityTreeNode","Edit Icon Integration (T011 - User Story 1)"],"fullName":"EntityTreeNode Edit Icon Integration (T011 - User Story 1) should render edit icon button next to entity","status":"passed","title":"should render edit icon button next to entity","duration":1893.9756000000052,"failureMessages":[],"meta":{},"tags":[]},{"ancestorTitles":["EntityTreeNode","Edit Icon Integration (T011 - User Story 1)"],"fullName":"EntityTreeNode Edit Icon Integration (T011 - User Story 1) should have proper ARIA label for edit icon button","status":"passed","title":"should have proper ARIA label for edit icon button","duration":711.4717999999993,"failureMessages":[],"meta":{},"tags":[]},{"ancestorTitles":["EntityTreeNode","Edit Icon Integration (T011 - User Story 1)"],"fullName":"EntityTreeNode Edit Icon Integration (T011 - User Story 1) should dispatch openEntityFormEdit when edit icon clicked","status":"passed","title":"should dispatch openEntityFormEdit when edit icon clicked","duration":1633.7399000000005,"failureMessages":[],"meta":{},"tags":[]},{"ancestorTitles":["EntityTreeNode","Edit Icon Integration (T011 - User Story 1)"],"fullName":"EntityTreeNode Edit Icon Integration (T011 - User Story 1) should activate edit icon with Enter key","status":"passed","title":"should activate edit icon with Enter key","duration":1398.6987999999983,"failureMessages":[],"meta":{},"tags":[]},{"ancestorTitles":["EntityTreeNode","Edit Icon Integration (T011 - User Story 1)"],"fullName":"EntityTreeNode Edit Icon Integration (T011 - User Story 1) should activate edit icon with Space key","status":"passed","title":"should activate edit icon with Space key","duration":532.4388999999937,"failureMessages":[],"meta":{},"tags":[]},{"ancestorTitles":["EntityTreeNode","Edit Icon Integration (T011 - User Story 1)"],"fullName":"EntityTreeNode Edit Icon Integration (T011 - User Story 1) should make edit icon visible on node hover","status":"passed","title":"should make edit icon visible on node hover","duration":216.26320000000123,"failureMessages":[],"meta":{},"tags":[]},{"ancestorTitles":["EntityTreeNode","Edit Icon Integration (T011 - User Story 1)"],"fullName":"EntityTreeNode Edit Icon Integration (T011 - User Story 1) should make edit icon visible on node focus","status":"passed","title":"should make edit icon visible on node focus","duration":41.97359999999753,"failureMessages":[],"meta":{},"tags":[]},{"ancestorTitles":["EntityTreeNode","Edit Icon Integration (T011 - User Story 1)"],"fullName":"EntityTreeNode Edit Icon Integration (T011 - User Story 1) should not interfere with entity selection when clicking edit icon","status":"passed","title":"should not interfere with entity selection when clicking edit icon","duration":430.46420000000217,"failureMessages":[],"meta":{},"tags":[]}],"startTime":1780804404148,"endTime":1780804431474.464,"status":"passed","message":"","name":"D:/source/GitHub/PlagueHO/libris-maleficarum/libris-maleficarum-app/src/components/WorldSidebar/EntityTreeNode.test.tsx"},{"assertionResults":[{"ancestorTitles":["WorldSelector","Empty State Handling (T023)"],"fullName":"WorldSelector Empty State Handling (T023) should display empty state when no worlds exist","status":"passed","title":"should display empty state when no worlds exist","duration":359.26780000000053,"failureMessages":[],"meta":{},"tags":[]},{"ancestorTitles":["WorldSelector","Empty State Handling (T023)"],"fullName":"WorldSelector Empty State Handling (T023) should show \"Create Realm\" button in empty state","status":"passed","title":"should show \"Create Realm\" button in empty state","duration":92.23639999999978,"failureMessages":[],"meta":{},"tags":[]},{"ancestorTitles":["WorldSelector","Empty State Handling (T023)"],"fullName":"WorldSelector Empty State Handling (T023) should open WorldForm in MainPanel when \"Create Realm\" button is clicked in empty state","status":"passed","title":"should open WorldForm in MainPanel when \"Create Realm\" button is clicked in empty state","duration":155.84199999999964,"failureMessages":[],"meta":{},"tags":[]},{"ancestorTitles":["WorldSelector","Single World Display"],"fullName":"WorldSelector Single World Display should display world name when one world exists","status":"passed","title":"should display world name when one world exists","duration":108.47149999999965,"failureMessages":[],"meta":{},"tags":[]},{"ancestorTitles":["WorldSelector","Single World Display"],"fullName":"WorldSelector Single World Display should show dropdown even with only one world","status":"passed","title":"should show dropdown even with only one world","duration":96.3703000000005,"failureMessages":[],"meta":{},"tags":[]},{"ancestorTitles":["WorldSelector","Single World Display"],"fullName":"WorldSelector Single World Display should show edit icon for single world","status":"passed","title":"should show edit icon for single world","duration":81.29479999999967,"failureMessages":[],"meta":{},"tags":[]},{"ancestorTitles":["WorldSelector","Single World Display"],"fullName":"WorldSelector Single World Display should open WorldForm in MainPanel when edit icon is clicked","status":"passed","title":"should open WorldForm in MainPanel when edit icon is clicked","duration":158.29100000000017,"failureMessages":[],"meta":{},"tags":[]},{"ancestorTitles":["WorldSelector","Multi-World Selection"],"fullName":"WorldSelector Multi-World Selection should display dropdown trigger when multiple worlds exist","status":"passed","title":"should display dropdown trigger when multiple worlds exist","duration":77.20389999999952,"failureMessages":[],"meta":{},"tags":[]},{"ancestorTitles":["WorldSelector","Multi-World Selection"],"fullName":"WorldSelector Multi-World Selection should show current world name in dropdown trigger","status":"passed","title":"should show current world name in dropdown trigger","duration":114.8734000000004,"failureMessages":[],"meta":{},"tags":[]},{"ancestorTitles":["WorldSelector","Multi-World Selection"],"fullName":"WorldSelector Multi-World Selection should display all worlds alphabetically in dropdown list","status":"skipped","title":"should display all worlds alphabetically in dropdown list","failureMessages":[],"meta":{},"tags":[]},{"ancestorTitles":["WorldSelector","Multi-World Selection"],"fullName":"WorldSelector Multi-World Selection should highlight current world in dropdown list","status":"skipped","title":"should highlight current world in dropdown list","failureMessages":[],"meta":{},"tags":[]},{"ancestorTitles":["WorldSelector","Multi-World Selection"],"fullName":"WorldSelector Multi-World Selection should switch world when a different world is selected","status":"skipped","title":"should switch world when a different world is selected","failureMessages":[],"meta":{},"tags":[]},{"ancestorTitles":["WorldSelector","Multi-World Selection"],"fullName":"WorldSelector Multi-World Selection should clear expanded nodes when switching worlds","status":"skipped","title":"should clear expanded nodes when switching worlds","failureMessages":[],"meta":{},"tags":[]},{"ancestorTitles":["WorldSelector","Multi-World Selection"],"fullName":"WorldSelector Multi-World Selection should clear selected entity when switching worlds","status":"skipped","title":"should clear selected entity when switching worlds","failureMessages":[],"meta":{},"tags":[]},{"ancestorTitles":["WorldSelector","Keyboard Navigation"],"fullName":"WorldSelector Keyboard Navigation should open dropdown with Enter key","status":"skipped","title":"should open dropdown with Enter key","failureMessages":[],"meta":{},"tags":[]},{"ancestorTitles":["WorldSelector","Keyboard Navigation"],"fullName":"WorldSelector Keyboard Navigation should navigate options with arrow keys","status":"skipped","title":"should navigate options with arrow keys","failureMessages":[],"meta":{},"tags":[]},{"ancestorTitles":["WorldSelector","Keyboard Navigation"],"fullName":"WorldSelector Keyboard Navigation should select option with Enter key","status":"skipped","title":"should select option with Enter key","failureMessages":[],"meta":{},"tags":[]},{"ancestorTitles":["WorldSelector","Keyboard Navigation"],"fullName":"WorldSelector Keyboard Navigation should close dropdown with Escape key","status":"passed","title":"should close dropdown with Escape key","duration":262.7687999999998,"failureMessages":[],"meta":{},"tags":[]},{"ancestorTitles":["WorldSelector","Accessibility"],"fullName":"WorldSelector Accessibility should have no accessibility violations","status":"passed","title":"should have no accessibility violations","duration":163.19370000000072,"failureMessages":[],"meta":{},"tags":[]},{"ancestorTitles":["WorldSelector","Accessibility"],"fullName":"WorldSelector Accessibility should have proper ARIA attributes for combobox","status":"passed","title":"should have proper ARIA attributes for combobox","duration":59.9421999999995,"failureMessages":[],"meta":{},"tags":[]},{"ancestorTitles":["WorldSelector","Accessibility"],"fullName":"WorldSelector Accessibility should announce world change to screen readers","status":"skipped","title":"should announce world change to screen readers","failureMessages":[],"meta":{},"tags":[]},{"ancestorTitles":["WorldSelector","Multi-World Dropdown Interaction (T039)"],"fullName":"WorldSelector Multi-World Dropdown Interaction (T039) should render dropdown trigger when multiple worlds available","status":"passed","title":"should render dropdown trigger when multiple worlds available","duration":82.6232,"failureMessages":[],"meta":{},"tags":[]},{"ancestorTitles":["WorldSelector","Multi-World Dropdown Interaction (T039)"],"fullName":"WorldSelector Multi-World Dropdown Interaction (T039) should display current world in dropdown trigger","status":"passed","title":"should display current world in dropdown trigger","duration":62.093299999999545,"failureMessages":[],"meta":{},"tags":[]},{"ancestorTitles":["WorldSelector","Multi-World Dropdown Interaction (T039)"],"fullName":"WorldSelector Multi-World Dropdown Interaction (T039) should be keyboard accessible for world selection","status":"passed","title":"should be keyboard accessible for world selection","duration":53.27140000000054,"failureMessages":[],"meta":{},"tags":[]},{"ancestorTitles":["WorldSelector","Loading States"],"fullName":"WorldSelector Loading States should show loading skeleton while fetching worlds","status":"passed","title":"should show loading skeleton while fetching worlds","duration":12.560899999999492,"failureMessages":[],"meta":{},"tags":[]},{"ancestorTitles":["WorldSelector","Loading States"],"fullName":"WorldSelector Loading States should show error message if worlds fetch fails","status":"passed","title":"should show error message if worlds fetch fails","duration":1614.5591999999997,"failureMessages":[],"meta":{},"tags":[]}],"startTime":1780804338756,"endTime":1780804342312.559,"status":"passed","message":"","name":"D:/source/GitHub/PlagueHO/libris-maleficarum/libris-maleficarum-app/src/components/WorldSidebar/WorldSelector.test.tsx"},{"assertionResults":[{"ancestorTitles":["US1: Async Delete Integration"],"fullName":"US1: Async Delete Integration should initiate async delete when user confirms deletion","status":"passed","title":"should initiate async delete when user confirms deletion","duration":3.2460000000000946,"failureMessages":[],"meta":{},"tags":[]},{"ancestorTitles":["US1: Async Delete Integration"],"fullName":"US1: Async Delete Integration should show notification in center after delete initiated","status":"passed","title":"should show notification in center after delete initiated","duration":0.9549999999999272,"failureMessages":[],"meta":{},"tags":[]},{"ancestorTitles":["US1: Async Delete Integration"],"fullName":"US1: Async Delete Integration should remove entity from sidebar immediately on delete (optimistic update)","status":"passed","title":"should remove entity from sidebar immediately on delete (optimistic update)","duration":0.5640000000003056,"failureMessages":[],"meta":{},"tags":[]},{"ancestorTitles":["US1: Async Delete Integration"],"fullName":"US1: Async Delete Integration should have no accessibility violations in notification center workflow","status":"passed","title":"should have no accessibility violations in notification center workflow","duration":0.4323999999996886,"failureMessages":[],"meta":{},"tags":[]},{"ancestorTitles":["US2: Retry Failed Operations"],"fullName":"US2: Retry Failed Operations [T025] should allow user to retry failed operation","status":"passed","title":"[T025] should allow user to retry failed operation","duration":413.34609999999975,"failureMessages":[],"meta":{},"tags":[]},{"ancestorTitles":["US3: Cancel In-Progress Operations"],"fullName":"US3: Cancel In-Progress Operations [T029] should allow user to cancel in-progress operation","status":"passed","title":"[T029] should allow user to cancel in-progress operation","duration":22.374399999999696,"failureMessages":[],"meta":{},"tags":[]}],"startTime":1780804491916,"endTime":1780804492357.3745,"status":"passed","message":"","name":"D:/source/GitHub/PlagueHO/libris-maleficarum/libris-maleficarum-app/src/components/__tests__/AsyncDeleteIntegration.test.tsx"},{"assertionResults":[{"ancestorTitles":["notification selectors","selectUnreadCount"],"fullName":"notification selectors selectUnreadCount should count operations where isRead is false and not dismissed","status":"passed","title":"should count operations where isRead is false and not dismissed","duration":5.38839999999982,"failureMessages":[],"meta":{},"tags":[]},{"ancestorTitles":["notification selectors","selectUnreadCount"],"fullName":"notification selectors selectUnreadCount should return 0 when no operations exist","status":"passed","title":"should return 0 when no operations exist","duration":1.1959999999999127,"failureMessages":[],"meta":{},"tags":[]},{"ancestorTitles":["notification selectors","selectUnreadCount"],"fullName":"notification selectors selectUnreadCount should return 0 when operations data is not loaded","status":"passed","title":"should return 0 when operations data is not loaded","duration":1.6215999999994892,"failureMessages":[],"meta":{},"tags":[]},{"ancestorTitles":["notification selectors","selectUnreadCount"],"fullName":"notification selectors selectUnreadCount should count new operations with no metadata as unread","status":"passed","title":"should count new operations with no metadata as unread","duration":1.727299999999559,"failureMessages":[],"meta":{},"tags":[]},{"ancestorTitles":["notification selectors","selectVisibleOperations"],"fullName":"notification selectors selectVisibleOperations should exclude dismissed operations","status":"passed","title":"should exclude dismissed operations","duration":3.1185999999997875,"failureMessages":[],"meta":{},"tags":[]},{"ancestorTitles":["notification selectors","selectVisibleOperations"],"fullName":"notification selectors selectVisibleOperations should sort operations by startTimestamp descending (most recent first)","status":"passed","title":"should sort operations by startTimestamp descending (most recent first)","duration":0.6817000000000917,"failureMessages":[],"meta":{},"tags":[]},{"ancestorTitles":["notification selectors","selectVisibleOperations"],"fullName":"notification selectors selectVisibleOperations should return empty array when no operations exist","status":"passed","title":"should return empty array when no operations exist","duration":1.7484999999996944,"failureMessages":[],"meta":{},"tags":[]},{"ancestorTitles":["notification selectors","selectVisibleOperations"],"fullName":"notification selectors selectVisibleOperations should return all operations when none are dismissed","status":"passed","title":"should return all operations when none are dismissed","duration":1.2899000000006708,"failureMessages":[],"meta":{},"tags":[]}],"startTime":1780804506771,"endTime":1780804506790.2898,"status":"passed","message":"","name":"D:/source/GitHub/PlagueHO/libris-maleficarum/libris-maleficarum-app/src/store/__tests__/notificationSelectors.test.ts"},{"assertionResults":[{"ancestorTitles":["notificationsSlice","toggleSidebar"],"fullName":"notificationsSlice toggleSidebar should toggle sidebar from closed to open","status":"passed","title":"should toggle sidebar from closed to open","duration":2.3524999999999636,"failureMessages":[],"meta":{},"tags":[]},{"ancestorTitles":["notificationsSlice","toggleSidebar"],"fullName":"notificationsSlice toggleSidebar should toggle sidebar from open to closed","status":"passed","title":"should toggle sidebar from open to closed","duration":0.5180000000000291,"failureMessages":[],"meta":{},"tags":[]},{"ancestorTitles":["notificationsSlice","setSidebarOpen"],"fullName":"notificationsSlice setSidebarOpen should set sidebar to open","status":"passed","title":"should set sidebar to open","duration":0.22109999999975116,"failureMessages":[],"meta":{},"tags":[]},{"ancestorTitles":["notificationsSlice","setSidebarOpen"],"fullName":"notificationsSlice setSidebarOpen should set sidebar to closed","status":"passed","title":"should set sidebar to closed","duration":0.5731000000000677,"failureMessages":[],"meta":{},"tags":[]},{"ancestorTitles":["notificationsSlice","markAsRead"],"fullName":"notificationsSlice markAsRead should create new metadata when operation not tracked","status":"passed","title":"should create new metadata when operation not tracked","duration":1.8634999999999309,"failureMessages":[],"meta":{},"tags":[]},{"ancestorTitles":["notificationsSlice","markAsRead"],"fullName":"notificationsSlice markAsRead should update existing metadata to mark as read","status":"passed","title":"should update existing metadata to mark as read","duration":0.9632000000001426,"failureMessages":[],"meta":{},"tags":[]},{"ancestorTitles":["notificationsSlice","dismissNotification"],"fullName":"notificationsSlice dismissNotification should create new metadata marked as dismissed and read","status":"passed","title":"should create new metadata marked as dismissed and read","duration":0.34160000000019863,"failureMessages":[],"meta":{},"tags":[]},{"ancestorTitles":["notificationsSlice","dismissNotification"],"fullName":"notificationsSlice dismissNotification should update existing metadata to mark as dismissed and read","status":"passed","title":"should update existing metadata to mark as dismissed and read","duration":0.19810000000006767,"failureMessages":[],"meta":{},"tags":[]},{"ancestorTitles":["notificationsSlice","clearAllCompleted"],"fullName":"notificationsSlice clearAllCompleted should dismiss multiple operations","status":"passed","title":"should dismiss multiple operations","duration":0.3755999999998494,"failureMessages":[],"meta":{},"tags":[]},{"ancestorTitles":["notificationsSlice","clearAllCompleted"],"fullName":"notificationsSlice clearAllCompleted should update existing metadata for operations","status":"passed","title":"should update existing metadata for operations","duration":0.2947999999996682,"failureMessages":[],"meta":{},"tags":[]},{"ancestorTitles":["notificationsSlice","performCleanup"],"fullName":"notificationsSlice performCleanup should remove metadata older than cutoff timestamp","status":"passed","title":"should remove metadata older than cutoff timestamp","duration":0.4369000000001506,"failureMessages":[],"meta":{},"tags":[]},{"ancestorTitles":["notificationsSlice","performCleanup"],"fullName":"notificationsSlice performCleanup should keep all metadata when none are older than cutoff","status":"passed","title":"should keep all metadata when none are older than cutoff","duration":0.14400000000023283,"failureMessages":[],"meta":{},"tags":[]},{"ancestorTitles":["notificationsSlice","performCleanup"],"fullName":"notificationsSlice performCleanup should update lastCleanupTimestamp","status":"passed","title":"should update lastCleanupTimestamp","duration":0.12210000000004584,"failureMessages":[],"meta":{},"tags":[]},{"ancestorTitles":["notificationsSlice","setPollingEnabled"],"fullName":"notificationsSlice setPollingEnabled should enable polling","status":"passed","title":"should enable polling","duration":0.10359999999991487,"failureMessages":[],"meta":{},"tags":[]},{"ancestorTitles":["notificationsSlice","setPollingEnabled"],"fullName":"notificationsSlice setPollingEnabled should disable polling","status":"passed","title":"should disable polling","duration":0.06659999999965294,"failureMessages":[],"meta":{},"tags":[]}],"startTime":1780804502708,"endTime":1780804502717.144,"status":"passed","message":"","name":"D:/source/GitHub/PlagueHO/libris-maleficarum/libris-maleficarum-app/src/store/__tests__/notificationsSlice.test.ts"},{"assertionResults":[{"ancestorTitles":["Skeleton"],"fullName":"Skeleton renders with default classes","status":"passed","title":"renders with default classes","duration":20.383499999999913,"failureMessages":[],"meta":{},"tags":[]},{"ancestorTitles":["Skeleton"],"fullName":"Skeleton accepts custom className","status":"passed","title":"accepts custom className","duration":3.5176000000001295,"failureMessages":[],"meta":{},"tags":[]},{"ancestorTitles":["Skeleton"],"fullName":"Skeleton spreads additional props","status":"passed","title":"spreads additional props","duration":4.8554000000003725,"failureMessages":[],"meta":{},"tags":[]},{"ancestorTitles":["Skeleton"],"fullName":"Skeleton has no accessibility violations","status":"passed","title":"has no accessibility violations","duration":232.40090000000055,"failureMessages":[],"meta":{},"tags":[]},{"ancestorTitles":["Skeleton"],"fullName":"Skeleton can be used as loading placeholder","status":"passed","title":"can be used as loading placeholder","duration":10.002199999999903,"failureMessages":[],"meta":{},"tags":[]}],"startTime":1780804494309,"endTime":1780804494581.0022,"status":"passed","message":"","name":"D:/source/GitHub/PlagueHO/libris-maleficarum/libris-maleficarum-app/src/components/ui/skeleton.test.tsx"},{"assertionResults":[{"ancestorTitles":["Tooltip"],"fullName":"Tooltip renders tooltip content when open","status":"passed","title":"renders tooltip content when open","duration":298.1298999999999,"failureMessages":[],"meta":{},"tags":[]},{"ancestorTitles":["Tooltip"],"fullName":"Tooltip uses theme token classes instead of hardcoded colours","status":"passed","title":"uses theme token classes instead of hardcoded colours","duration":44.59649999999965,"failureMessages":[],"meta":{},"tags":[]},{"ancestorTitles":["Tooltip"],"fullName":"Tooltip has no accessibility violations","status":"passed","title":"has no accessibility violations","duration":95.15480000000025,"failureMessages":[],"meta":{},"tags":[]},{"ancestorTitles":["Tooltip"],"fullName":"Tooltip shows on trigger interaction","status":"passed","title":"shows on trigger interaction","duration":102.9443999999994,"failureMessages":[],"meta":{},"tags":[]}],"startTime":1780804487127,"endTime":1780804487667.9443,"status":"passed","message":"","name":"D:/source/GitHub/PlagueHO/libris-maleficarum/libris-maleficarum-app/src/components/ui/tooltip.test.tsx"},{"assertionResults":[{"ancestorTitles":["parseNumericInput"],"fullName":"parseNumericInput parses number with commas","status":"passed","title":"parses number with commas","duration":1.4908000000000357,"failureMessages":[],"meta":{},"tags":[]},{"ancestorTitles":["parseNumericInput"],"fullName":"parseNumericInput parses plain number without commas","status":"passed","title":"parses plain number without commas","duration":0.23309999999992215,"failureMessages":[],"meta":{},"tags":[]},{"ancestorTitles":["parseNumericInput"],"fullName":"parseNumericInput parses decimal number","status":"passed","title":"parses decimal number","duration":0.12379999999984648,"failureMessages":[],"meta":{},"tags":[]},{"ancestorTitles":["parseNumericInput"],"fullName":"parseNumericInput parses decimal with commas","status":"passed","title":"parses decimal with commas","duration":0.13580000000001746,"failureMessages":[],"meta":{},"tags":[]},{"ancestorTitles":["parseNumericInput"],"fullName":"parseNumericInput parses negative number","status":"passed","title":"parses negative number","duration":0.09799999999995634,"failureMessages":[],"meta":{},"tags":[]},{"ancestorTitles":["parseNumericInput"],"fullName":"parseNumericInput trims whitespace","status":"passed","title":"trims whitespace","duration":0.0771999999997206,"failureMessages":[],"meta":{},"tags":[]},{"ancestorTitles":["parseNumericInput"],"fullName":"parseNumericInput returns null for empty string","status":"passed","title":"returns null for empty string","duration":0.6631999999999607,"failureMessages":[],"meta":{},"tags":[]},{"ancestorTitles":["parseNumericInput"],"fullName":"parseNumericInput returns null for whitespace only","status":"passed","title":"returns null for whitespace only","duration":0.2881999999999607,"failureMessages":[],"meta":{},"tags":[]},{"ancestorTitles":["parseNumericInput"],"fullName":"parseNumericInput returns null for invalid input","status":"passed","title":"returns null for invalid input","duration":0.5331999999998516,"failureMessages":[],"meta":{},"tags":[]},{"ancestorTitles":["parseNumericInput"],"fullName":"parseNumericInput handles zero","status":"passed","title":"handles zero","duration":0.4256000000000313,"failureMessages":[],"meta":{},"tags":[]},{"ancestorTitles":["parseNumericInput"],"fullName":"parseNumericInput handles very large numbers","status":"passed","title":"handles very large numbers","duration":0.3474999999998545,"failureMessages":[],"meta":{},"tags":[]},{"ancestorTitles":["formatNumericDisplay"],"fullName":"formatNumericDisplay formats integer with thousand separators","status":"passed","title":"formats integer with thousand separators","duration":10.94419999999991,"failureMessages":[],"meta":{},"tags":[]},{"ancestorTitles":["formatNumericDisplay"],"fullName":"formatNumericDisplay formats small number","status":"passed","title":"formats small number","duration":0.23939999999993233,"failureMessages":[],"meta":{},"tags":[]},{"ancestorTitles":["formatNumericDisplay"],"fullName":"formatNumericDisplay formats zero","status":"passed","title":"formats zero","duration":0.12370000000009895,"failureMessages":[],"meta":{},"tags":[]},{"ancestorTitles":["formatNumericDisplay"],"fullName":"formatNumericDisplay formats decimal with specified precision","status":"passed","title":"formats decimal with specified precision","duration":0.11389999999983047,"failureMessages":[],"meta":{},"tags":[]},{"ancestorTitles":["formatNumericDisplay"],"fullName":"formatNumericDisplay formats with no decimals by default","status":"passed","title":"formats with no decimals by default","duration":0.09470000000010259,"failureMessages":[],"meta":{},"tags":[]},{"ancestorTitles":["formatNumericDisplay"],"fullName":"formatNumericDisplay formats very large numbers","status":"passed","title":"formats very large numbers","duration":0.09229999999979555,"failureMessages":[],"meta":{},"tags":[]},{"ancestorTitles":["formatNumericDisplay"],"fullName":"formatNumericDisplay pads decimals to specified precision","status":"passed","title":"pads decimals to specified precision","duration":0.09010000000034779,"failureMessages":[],"meta":{},"tags":[]},{"ancestorTitles":["validateInteger","valid cases"],"fullName":"validateInteger valid cases validates positive integer","status":"passed","title":"validates positive integer","duration":0.19900000000006912,"failureMessages":[],"meta":{},"tags":[]},{"ancestorTitles":["validateInteger","valid cases"],"fullName":"validateInteger valid cases validates zero","status":"passed","title":"validates zero","duration":0.14240000000017972,"failureMessages":[],"meta":{},"tags":[]},{"ancestorTitles":["validateInteger","valid cases"],"fullName":"validateInteger valid cases validates integer with commas","status":"passed","title":"validates integer with commas","duration":0.10370000000011714,"failureMessages":[],"meta":{},"tags":[]},{"ancestorTitles":["validateInteger","valid cases"],"fullName":"validateInteger valid cases validates empty string as optional field","status":"passed","title":"validates empty string as optional field","duration":0.08819999999968786,"failureMessages":[],"meta":{},"tags":[]},{"ancestorTitles":["validateInteger","valid cases"],"fullName":"validateInteger valid cases validates whitespace as optional field","status":"passed","title":"validates whitespace as optional field","duration":0.07469999999966603,"failureMessages":[],"meta":{},"tags":[]},{"ancestorTitles":["validateInteger","valid cases"],"fullName":"validateInteger valid cases validates MAX_SAFE_INTEGER","status":"passed","title":"validates MAX_SAFE_INTEGER","duration":0.059799999999995634,"failureMessages":[],"meta":{},"tags":[]},{"ancestorTitles":["validateInteger","invalid cases"],"fullName":"validateInteger invalid cases rejects decimal number","status":"passed","title":"rejects decimal number","duration":0.13679999999976644,"failureMessages":[],"meta":{},"tags":[]},{"ancestorTitles":["validateInteger","invalid cases"],"fullName":"validateInteger invalid cases rejects negative number","status":"passed","title":"rejects negative number","duration":0.06980000000021391,"failureMessages":[],"meta":{},"tags":[]},{"ancestorTitles":["validateInteger","invalid cases"],"fullName":"validateInteger invalid cases rejects non-numeric input","status":"passed","title":"rejects non-numeric input","duration":0.09019999999964057,"failureMessages":[],"meta":{},"tags":[]},{"ancestorTitles":["validateInteger","invalid cases"],"fullName":"validateInteger invalid cases rejects number greater than MAX_SAFE_INTEGER","status":"passed","title":"rejects number greater than MAX_SAFE_INTEGER","duration":0.16899999999986903,"failureMessages":[],"meta":{},"tags":[]},{"ancestorTitles":["validateInteger","invalid cases"],"fullName":"validateInteger invalid cases rejects mixed alphanumeric","status":"passed","title":"rejects mixed alphanumeric","duration":0.06390000000010332,"failureMessages":[],"meta":{},"tags":[]},{"ancestorTitles":["validateDecimal","valid cases"],"fullName":"validateDecimal valid cases validates positive decimal","status":"passed","title":"validates positive decimal","duration":0.1291999999998552,"failureMessages":[],"meta":{},"tags":[]},{"ancestorTitles":["validateDecimal","valid cases"],"fullName":"validateDecimal valid cases validates integer as decimal","status":"passed","title":"validates integer as decimal","duration":0.05559999999968568,"failureMessages":[],"meta":{},"tags":[]},{"ancestorTitles":["validateDecimal","valid cases"],"fullName":"validateDecimal valid cases validates zero","status":"passed","title":"validates zero","duration":0.046600000000125874,"failureMessages":[],"meta":{},"tags":[]},{"ancestorTitles":["validateDecimal","valid cases"],"fullName":"validateDecimal valid cases validates decimal with commas","status":"passed","title":"validates decimal with commas","duration":0.04719999999997526,"failureMessages":[],"meta":{},"tags":[]},{"ancestorTitles":["validateDecimal","valid cases"],"fullName":"validateDecimal valid cases validates empty string as optional field","status":"passed","title":"validates empty string as optional field","duration":0.04559999999992215,"failureMessages":[],"meta":{},"tags":[]},{"ancestorTitles":["validateDecimal","valid cases"],"fullName":"validateDecimal valid cases validates whitespace as optional field","status":"passed","title":"validates whitespace as optional field","duration":0.04120000000011714,"failureMessages":[],"meta":{},"tags":[]},{"ancestorTitles":["validateDecimal","valid cases"],"fullName":"validateDecimal valid cases validates MAX_SAFE_INTEGER","status":"passed","title":"validates MAX_SAFE_INTEGER","duration":0.04389999999966676,"failureMessages":[],"meta":{},"tags":[]},{"ancestorTitles":["validateDecimal","valid cases"],"fullName":"validateDecimal valid cases validates decimal with many decimal places","status":"passed","title":"validates decimal with many decimal places","duration":0.043400000000019645,"failureMessages":[],"meta":{},"tags":[]},{"ancestorTitles":["validateDecimal","invalid cases"],"fullName":"validateDecimal invalid cases rejects negative number","status":"passed","title":"rejects negative number","duration":0.05569999999988795,"failureMessages":[],"meta":{},"tags":[]},{"ancestorTitles":["validateDecimal","invalid cases"],"fullName":"validateDecimal invalid cases rejects non-numeric input","status":"passed","title":"rejects non-numeric input","duration":0.04819999999972424,"failureMessages":[],"meta":{},"tags":[]},{"ancestorTitles":["validateDecimal","invalid cases"],"fullName":"validateDecimal invalid cases rejects number greater than MAX_SAFE_INTEGER","status":"passed","title":"rejects number greater than MAX_SAFE_INTEGER","duration":0.1736999999998261,"failureMessages":[],"meta":{},"tags":[]},{"ancestorTitles":["validateDecimal","invalid cases"],"fullName":"validateDecimal invalid cases rejects mixed alphanumeric","status":"passed","title":"rejects mixed alphanumeric","duration":0.09880000000021028,"failureMessages":[],"meta":{},"tags":[]},{"ancestorTitles":["validateDecimal","invalid cases"],"fullName":"validateDecimal invalid cases rejects multiple decimal points","status":"passed","title":"rejects multiple decimal points","duration":0.06090000000040163,"failureMessages":[],"meta":{},"tags":[]}],"startTime":1780804500723,"endTime":1780804500742.1736,"status":"passed","message":"","name":"D:/source/GitHub/PlagueHO/libris-maleficarum/libris-maleficarum-app/src/lib/validators/numericValidation.test.ts"},{"assertionResults":[{"ancestorTitles":["WorldEntityType enum","existing types"],"fullName":"WorldEntityType enum existing types includes all original geographic types","status":"passed","title":"includes all original geographic types","duration":3.390600000000177,"failureMessages":[],"meta":{},"tags":[]},{"ancestorTitles":["WorldEntityType enum","existing types"],"fullName":"WorldEntityType enum existing types includes all original narrative types","status":"passed","title":"includes all original narrative types","duration":0.6381999999998698,"failureMessages":[],"meta":{},"tags":[]},{"ancestorTitles":["WorldEntityType enum","existing types"],"fullName":"WorldEntityType enum existing types includes all original campaign types","status":"passed","title":"includes all original campaign types","duration":0.2622000000001208,"failureMessages":[],"meta":{},"tags":[]},{"ancestorTitles":["WorldEntityType enum","existing types"],"fullName":"WorldEntityType enum existing types includes Other type","status":"passed","title":"includes Other type","duration":0.32330000000001746,"failureMessages":[],"meta":{},"tags":[]},{"ancestorTitles":["WorldEntityType enum","new Container types"],"fullName":"WorldEntityType enum new Container types includes Locations container","status":"passed","title":"includes Locations container","duration":0.3611000000000786,"failureMessages":[],"meta":{},"tags":[]},{"ancestor
[...]
Quest type when parent is Continent (unconventional pairing)","status":"passed","title":"should allow selecting Quest type when parent is Continent (unconventional pairing)","duration":2227.8649000000005,"failureMessages":[],"meta":{},"tags":[]},{"ancestorTitles":["WorldEntityForm - Custom Properties Integration","T061-T063: Schema Versioning"],"fullName":"WorldEntityForm - Custom Properties Integration T061-T063: Schema Versioning should successfully create entity with schemaVersion (implicitly injected by API client)","status":"passed","title":"should successfully create entity with schemaVersion (implicitly injected by API client)","duration":1849.1480999999985,"failureMessages":[],"meta":{},"tags":[]},{"ancestorTitles":["WorldEntityForm - Custom Properties Integration","T061-T063: Schema Versioning"],"fullName":"WorldEntityForm - Custom Properties Integration T061-T063: Schema Versioning should include current schemaVersion in update request (auto-upgrade behavior)","status":"skipped","title":"should include current schemaVersion in update request (auto-upgrade behavior)","failureMessages":[],"meta":{},"tags":[]},{"ancestorTitles":["WorldEntityForm - Custom Properties Integration","T061-T063: Schema Versioning"],"fullName":"WorldEntityForm - Custom Properties Integration T061-T063: Schema Versioning should have no accessibility violations when schema versioning fields are present","status":"skipped","title":"should have no accessibility violations when schema versioning fields are present","failureMessages":[],"meta":{},"tags":[]}],"startTime":1780804344013,"endTime":1780804355876.1482,"status":"passed","message":"","name":"D:/source/GitHub/PlagueHO/libris-maleficarum/libris-maleficarum-app/src/components/MainPanel/__tests__/WorldEntityForm.test.tsx"},{"assertionResults":[{"ancestorTitles":["NotificationBell"],"fullName":"NotificationBell renders bell icon button","status":"passed","title":"renders bell icon button","duration":201.91319999999996,"failureMessages":[],"meta":{},"tags":[]},{"ancestorTitles":["NotificationBell"],"fullName":"NotificationBell shows unread count badge when there are unread notifications","status":"passed","title":"shows unread count badge when there are unread notifications","duration":34.46099999999933,"failureMessages":[],"meta":{},"tags":[]},{"ancestorTitles":["NotificationBell"],"fullName":"NotificationBell does not show badge when no unread notifications","status":"passed","title":"does not show badge when no unread notifications","duration":16.20139999999992,"failureMessages":[],"meta":{},"tags":[]},{"ancestorTitles":["NotificationBell"],"fullName":"NotificationBell shows \"99+\" when unread count exceeds 99","status":"passed","title":"shows \"99+\" when unread count exceeds 99","duration":15.871699999999691,"failureMessages":[],"meta":{},"tags":[]},{"ancestorTitles":["NotificationBell"],"fullName":"NotificationBell calls onClick when clicked","status":"passed","title":"calls onClick when clicked","duration":47.10989999999947,"failureMessages":[],"meta":{},"tags":[]},{"ancestorTitles":["NotificationBell"],"fullName":"NotificationBell has no accessibility violations","status":"passed","title":"has no accessibility violations","duration":120.42079999999987,"failureMessages":[],"meta":{},"tags":[]},{"ancestorTitles":["NotificationBell"],"fullName":"NotificationBell is keyboard accessible","status":"passed","title":"is keyboard accessible","duration":108.05220000000008,"failureMessages":[],"meta":{},"tags":[]}],"startTime":1780804493316,"endTime":1780804493861.0522,"status":"passed","message":"","name":"D:/source/GitHub/PlagueHO/libris-maleficarum/libris-maleficarum-app/src/components/NotificationCenter/__tests__/NotificationBell.test.tsx"},{"assertionResults":[{"ancestorTitles":["NotificationCenter"],"fullName":"NotificationCenter renders drawer with title and description","status":"passed","title":"renders drawer with title and description","duration":4727.8764999999985,"failureMessages":[],"meta":{},"tags":[]},{"ancestorTitles":["NotificationCenter"],"fullName":"NotificationCenter displays list of operations","status":"passed","title":"displays list of operations","duration":1061.8148,"failureMessages":[],"meta":{},"tags":[]},{"ancestorTitles":["NotificationCenter"],"fullName":"NotificationCenter shows empty state when no operations","status":"passed","title":"shows empty state when no operations","duration":904.7391999999963,"failureMessages":[],"meta":{},"tags":[]},{"ancestorTitles":["NotificationCenter"],"fullName":"NotificationCenter shows \"Mark All Read\" button","status":"passed","title":"shows \"Mark All Read\" button","duration":3234.3246,"failureMessages":[],"meta":{},"tags":[]},{"ancestorTitles":["NotificationCenter"],"fullName":"NotificationCenter shows \"Clear Completed\" button with count","status":"passed","title":"shows \"Clear Completed\" button with count","duration":1028.9608000000007,"failureMessages":[],"meta":{},"tags":[]},{"ancestorTitles":["NotificationCenter"],"fullName":"NotificationCenter marks all operations as read when \"Mark All Read\" clicked","status":"passed","title":"marks all operations as read when \"Mark All Read\" clicked","duration":5565.858699999997,"failureMessages":[],"meta":{},"tags":[]},{"ancestorTitles":["NotificationCenter"],"fullName":"NotificationCenter clears completed operations when \"Clear Completed\" clicked","status":"passed","title":"clears completed operations when \"Clear Completed\" clicked","duration":3105.995999999999,"failureMessages":[],"meta":{},"tags":[]},{"ancestorTitles":["NotificationCenter"],"fullName":"NotificationCenter closes drawer when onOpenChange called with false","status":"passed","title":"closes drawer when onOpenChange called with false","duration":1293.8715999999986,"failureMessages":[],"meta":{},"tags":[]},{"ancestorTitles":["NotificationCenter"],"fullName":"NotificationCenter has no accessibility violations","status":"passed","title":"has no accessibility violations","duration":6400.687999999995,"failureMessages":[],"meta":{},"tags":[]},{"ancestorTitles":["NotificationCenter"],"fullName":"NotificationCenter [T054] should close when ESC key is pressed (handled by Drawer component)","status":"passed","title":"[T054] should close when ESC key is pressed (handled by Drawer component)","duration":706.6152000000002,"failureMessages":[],"meta":{},"tags":[]},{"ancestorTitles":["NotificationCenter"],"fullName":"NotificationCenter [T052] should have ARIA live region for status announcements","status":"passed","title":"[T052] should have ARIA live region for status announcements","duration":519.7336000000068,"failureMessages":[],"meta":{},"tags":[]},{"ancestorTitles":["NotificationCenter"],"fullName":"NotificationCenter sorts operations by recency (newest first)","status":"passed","title":"sorts operations by recency (newest first)","duration":751.8208999999915,"failureMessages":[],"meta":{},"tags":[]}],"startTime":1780804403468,"endTime":1780804432771.8208,"status":"passed","message":"","name":"D:/source/GitHub/PlagueHO/libris-maleficarum/libris-maleficarum-app/src/components/NotificationCenter/__tests__/NotificationCenter.test.tsx"},{"assertionResults":[{"ancestorTitles":["NotificationItem"],"fullName":"NotificationItem renders entity name","status":"passed","title":"renders entity name","duration":87.07899999999972,"failureMessages":[],"meta":{},"tags":[]},{"ancestorTitles":["NotificationItem"],"fullName":"NotificationItem shows pending status with clock icon","status":"passed","title":"shows pending status with clock icon","duration":10.968300000000454,"failureMessages":[],"meta":{},"tags":[]},{"ancestorTitles":["NotificationItem"],"fullName":"NotificationItem shows in-progress status","status":"passed","title":"shows in-progress status","duration":15.503899999999703,"failureMessages":[],"meta":{},"tags":[]},{"ancestorTitles":["NotificationItem"],"fullName":"NotificationItem shows completed status with checkmark icon","status":"passed","title":"shows completed status with checkmark icon","duration":18.26629999999932,"failureMessages":[],"meta":{},"tags":[]},{"ancestorTitles":["NotificationItem"],"fullName":"NotificationItem shows failed status with error icon and message","status":"passed","title":"shows failed status with error icon and message","duration":57.730500000000575,"failureMessages":[],"meta":{},"tags":[]},{"ancestorTitles":["NotificationItem"],"fullName":"NotificationItem marks notification as read when clicked","status":"passed","title":"marks notification as read when clicked","duration":209.86029999999937,"failureMessages":[],"meta":{},"tags":[]},{"ancestorTitles":["NotificationItem"],"fullName":"NotificationItem dismisses notification when dismiss button clicked","status":"passed","title":"dismisses notification when dismiss button clicked","duration":72.91549999999916,"failureMessages":[],"meta":{},"tags":[]},{"ancestorTitles":["NotificationItem"],"fullName":"NotificationItem shows unread indicator for unread notifications","status":"passed","title":"shows unread indicator for unread notifications","duration":10.352000000000771,"failureMessages":[],"meta":{},"tags":[]},{"ancestorTitles":["NotificationItem"],"fullName":"NotificationItem has no accessibility violations","status":"passed","title":"has no accessibility violations","duration":142.70900000000074,"failureMessages":[],"meta":{},"tags":[]},{"ancestorTitles":["NotificationItem"],"fullName":"NotificationItem is keyboard accessible","status":"passed","title":"is keyboard accessible","duration":35.43759999999929,"failureMessages":[],"meta":{},"tags":[]},{"ancestorTitles":["NotificationItem"],"fullName":"NotificationItem [T026] shows retry button for failed operations","status":"passed","title":"[T026] shows retry button for failed operations","duration":22.184799999999086,"failureMessages":[],"meta":{},"tags":[]},{"ancestorTitles":["NotificationItem"],"fullName":"NotificationItem [T026] does not show retry button for non-failed operations","status":"passed","title":"[T026] does not show retry button for non-failed operations","duration":15.886099999999715,"failureMessages":[],"meta":{},"tags":[]},{"ancestorTitles":["NotificationItem"],"fullName":"NotificationItem [T027-T028] calls retry API and shows loading state when retry clicked","status":"passed","title":"[T027-T028] calls retry API and shows loading state when retry clicked","duration":89.32400000000052,"failureMessages":[],"meta":{},"tags":[]}],"startTime":1780804484026,"endTime":1780804484815.324,"status":"passed","message":"","name":"D:/source/GitHub/PlagueHO/libris-maleficarum/libris-maleficarum-app/src/components/NotificationCenter/__tests__/NotificationItem.test.tsx"},{"assertionResults":[{"ancestorTitles":["TagInput","rendering"],"fullName":"TagInput rendering renders with label and input","status":"passed","title":"renders with label and input","duration":52.981799999999566,"failureMessages":[],"meta":{},"tags":[]},{"ancestorTitles":["TagInput","rendering"],"fullName":"TagInput rendering renders with placeholder","status":"passed","title":"renders with placeholder","duration":4.497299999999996,"failureMessages":[],"meta":{},"tags":[]},{"ancestorTitles":["TagInput","rendering"],"fullName":"TagInput rendering renders required indicator when required","status":"passed","title":"renders required indicator when required","duration":7.4922999999998865,"failureMessages":[],"meta":{},"tags":[]},{"ancestorTitles":["TagInput","rendering"],"fullName":"TagInput rendering renders description when provided","status":"passed","title":"renders description when provided","duration":7.058599999999387,"failureMessages":[],"meta":{},"tags":[]},{"ancestorTitles":["TagInput","rendering"],"fullName":"TagInput rendering displays existing tags","status":"passed","title":"displays existing tags","duration":18.05540000000019,"failureMessages":[],"meta":{},"tags":[]},{"ancestorTitles":["TagInput","adding tags"],"fullName":"TagInput adding tags adds tag on Enter key","status":"passed","title":"adds tag on Enter key","duration":358.2707999999993,"failureMessages":[],"meta":{},"tags":[]},{"ancestorTitles":["TagInput","adding tags"],"fullName":"TagInput adding tags trims whitespace from tags","status":"passed","title":"trims whitespace from tags","duration":232.29530000000068,"failureMessages":[],"meta":{},"tags":[]},{"ancestorTitles":["TagInput","adding tags"],"fullName":"TagInput adding tags clears input after adding tag","status":"passed","title":"clears input after adding tag","duration":141.77279999999973,"failureMessages":[],"meta":{},"tags":[]},{"ancestorTitles":["TagInput","adding tags"],"fullName":"TagInput adding tags does not add empty tag","status":"passed","title":"does not add empty tag","duration":83.00500000000011,"failureMessages":[],"meta":{},"tags":[]},{"ancestorTitles":["TagInput","adding tags"],"fullName":"TagInput adding tags prevents duplicate tags","status":"passed","title":"prevents duplicate tags","duration":185.70830000000024,"failureMessages":[],"meta":{},"tags":[]},{"ancestorTitles":["TagInput","adding tags"],"fullName":"TagInput adding tags validates max length","status":"passed","title":"validates max length","duration":355.97850000000017,"failureMessages":[],"meta":{},"tags":[]},{"ancestorTitles":["TagInput","adding tags"],"fullName":"TagInput adding tags clears error on input change","status":"passed","title":"clears error on input change","duration":242.80389999999989,"failureMessages":[],"meta":{},"tags":[]},{"ancestorTitles":["TagInput","removing tags"],"fullName":"TagInput removing tags removes tag on dismiss button click","status":"passed","title":"removes tag on dismiss button click","duration":96.6253999999999,"failureMessages":[],"meta":{},"tags":[]},{"ancestorTitles":["TagInput","removing tags"],"fullName":"TagInput removing tags removes correct tag when multiple exist","status":"passed","title":"removes correct tag when multiple exist","duration":67.59100000000035,"failureMessages":[],"meta":{},"tags":[]},{"ancestorTitles":["TagInput","disabled state"],"fullName":"TagInput disabled state disables input when disabled prop is true","status":"passed","title":"disables input when disabled prop is true","duration":4.05160000000069,"failureMessages":[],"meta":{},"tags":[]},{"ancestorTitles":["TagInput","disabled state"],"fullName":"TagInput disabled state disables remove buttons when disabled","status":"passed","title":"disables remove buttons when disabled","duration":6.764200000000528,"failureMessages":[],"meta":{},"tags":[]},{"ancestorTitles":["TagInput","error display"],"fullName":"TagInput error display displays external error message","status":"passed","title":"displays external error message","duration":6.574200000000019,"failureMessages":[],"meta":{},"tags":[]},{"ancestorTitles":["TagInput","error display"],"fullName":"TagInput error display sets aria-invalid when error exists","status":"passed","title":"sets aria-invalid when error exists","duration":5.884200000000419,"failureMessages":[],"meta":{},"tags":[]},{"ancestorTitles":["TagInput","error display"],"fullName":"TagInput error display links error to input with aria-describedby","status":"passed","title":"links error to input with aria-describedby","duration":4.7775000000001455,"failureMessages":[],"meta":{},"tags":[]},{"ancestorTitles":["TagInput","accessibility"],"fullName":"TagInput accessibility has no accessibility violations with empty tags","status":"passed","title":"has no accessibility violations with empty tags","duration":124.0603000000001,"failureMessages":[],"meta":{},"tags":[]},{"ancestorTitles":["TagInput","accessibility"],"fullName":"TagInput accessibility has no accessibility violations with tags","status":"passed","title":"has no accessibility violations with tags","duration":108.77680000000055,"failureMessages":[],"meta":{},"tags":[]},{"ancestorTitles":["TagInput","accessibility"],"fullName":"TagInput accessibility has no accessibility violations with error","status":"passed","title":"has no accessibility violations with error","duration":60.412099999999555,"failureMessages":[],"meta":{},"tags":[]},{"ancestorTitles":["TagInput","accessibility"],"fullName":"TagInput accessibility has no accessibility violations when disabled","status":"passed","title":"has no accessibility violations when disabled","duration":51.93700000000081,"failureMessages":[],"meta":{},"tags":[]},{"ancestorTitles":["TagInput","accessibility"],"fullName":"TagInput accessibility tags are in accessible list","status":"passed","title":"tags are in accessible list","duration":29.781300000000556,"failureMessages":[],"meta":{},"tags":[]}],"startTime":1780804350812,"endTime":1780804353074.7812,"status":"passed","message":"","name":"D:/source/GitHub/PlagueHO/libris-maleficarum/libris-maleficarum-app/src/components/shared/TagInput/TagInput.test.tsx"},{"assertionResults":[{"ancestorTitles":["T057a / SC-002: Entity Type Registry Extensibility","DynamicPropertiesForm renders hypothetical EconomicRegion"],"fullName":"T057a / SC-002: Entity Type Registry Extensibility DynamicPropertiesForm renders hypothetical EconomicRegion should render all schema fields without dedicated component","status":"passed","title":"should render all schema fields without dedicated component","duration":111.22909999999683,"failureMessages":[],"meta":{},"tags":[]},{"ancestorTitles":["T057a / SC-002: Entity Type Registry Extensibility","DynamicPropertiesForm renders hypothetical EconomicRegion"],"fullName":"T057a / SC-002: Entity Type Registry Extensibility DynamicPropertiesForm renders hypothetical EconomicRegion should handle user input and validation for new entity type","status":"passed","title":"should handle user input and validation for new entity type","duration":616.3437999999951,"failureMessages":[],"meta":{},"tags":[]},{"ancestorTitles":["T057a / SC-002: Entity Type Registry Extensibility","DynamicPropertiesForm renders hypothetical EconomicRegion"],"fullName":"T057a / SC-002: Entity Type Registry Extensibility DynamicPropertiesForm renders hypothetical EconomicRegion should have no accessibility violations for hypothetical entity type","status":"passed","title":"should have no accessibility violations for hypothetical entity type","duration":140.50180000000546,"failureMessages":[],"meta":{},"tags":[]},{"ancestorTitles":["T057a / SC-002: Entity Type Registry Extensibility","DynamicPropertiesView renders hypothetical EconomicRegion"],"fullName":"T057a / SC-002: Entity Type Registry Extensibility DynamicPropertiesView renders hypothetical EconomicRegion should display all property values without dedicated component","status":"passed","title":"should display all property values without dedicated component","duration":11.383499999996275,"failureMessages":[],"meta":{},"tags":[]},{"ancestorTitles":["T057a / SC-002: Entity Type Registry Extensibility","DynamicPropertiesView renders hypothetical EconomicRegion"],"fullName":"T057a / SC-002: Entity Type Registry Extensibility DynamicPropertiesView renders hypothetical EconomicRegion should have no accessibility violations for hypothetical entity type","status":"passed","title":"should have no accessibility violations for hypothetical entity type","duration":55.09279999999853,"failureMessages":[],"meta":{},"tags":[]},{"ancestorTitles":["T057a / SC-002: Entity Type Registry Extensibility","SC-002 Extensibility Verification"],"fullName":"T057a / SC-002: Entity Type Registry Extensibility SC-002 Extensibility Verification confirms that adding a new entity type requires ONLY registry configuration","status":"passed","title":"confirms that adding a new entity type requires ONLY registry configuration","duration":3.836199999997916,"failureMessages":[],"meta":{},"tags":[]}],"startTime":1780804483772,"endTime":1780804484710.8362,"status":"passed","message":"","name":"D:/source/GitHub/PlagueHO/libris-maleficarum/libris-maleficarum-app/src/services/config/__tests__/entityTypeRegistry.extensibility.test.tsx"}]}